android/app/build/intermediates/manifest_merge_blame_file/release/manifest-merger-blame-release-report.txt
1<?xml version="1.0" encoding="utf-8"?>
2<manifest xmlns:android="http://schemas.android.com/apk/res/android"
3    package="com.mymind"
4    android:versionCode="1"
5    android:versionName="1.0" >
6
7    <uses-sdk
8        android:minSdkVersion="21"
8-->src\main\AndroidManifest.xml
9        android:targetSdkVersion="29" />
9-->src\main\AndroidManifest.xml
10
11    <uses-permission android:name="android.permission.INTERNET" />
11-->src\main\AndroidManifest.xml:4:5-66
11-->src\main\AndroidManifest.xml:4:22-64
12    <uses-permission android:name="android.permission.CAMERA" />
12-->src\main\AndroidManifest.xml:5:5-64
12-->src\main\AndroidManifest.xml:5:22-62
13    <uses-permission android:name="android.permission.WRITE_EXTERNAL_STORAGE" />
13-->src\main\AndroidManifest.xml:6:5-81
13-->src\main\AndroidManifest.xml:6:22-78
14    <uses-permission android:name="android.permission.READ_EXTERNAL_STORAGE" />
14-->src\main\AndroidManifest.xml:7:5-80
14-->src\main\AndroidManifest.xml:7:22-77
15    <uses-permission android:name="android.permission.ACTIVITY_RECOGNITION" />
15-->src\main\AndroidManifest.xml:8:5-79
15-->src\main\AndroidManifest.xml:8:22-76
16
17    <uses-feature
17-->src\main\AndroidManifest.xml:10:5-85
18        android:name="android.hardware.camera"
18-->src\main\AndroidManifest.xml:10:19-57
19        android:required="false" />
19-->src\main\AndroidManifest.xml:10:58-82
20    <uses-feature
20-->src\main\AndroidManifest.xml:11:5-91
21        android:name="android.hardware.camera.front"
21-->src\main\AndroidManifest.xml:11:19-63
22        android:required="false" />
22-->src\main\AndroidManifest.xml:11:64-88
23
24    <uses-permission android:name="android.permission.WAKE_LOCK" />
24-->[:react-native-firebase_auth] AndroidManifest.xml:12:5-68
24-->[:react-native-firebase_auth] AndroidManifest.xml:12:22-65
25    <uses-permission android:name="android.permission.ACCESS_NETWORK_STATE" /> <!-- Required to access Google Play Licensing -->
25-->[:react-native-firebase_auth] AndroidManifest.xml:13:5-79
25-->[:react-native-firebase_auth] AndroidManifest.xml:13:22-76
26    <uses-permission android:name="com.android.vending.CHECK_LICENSE" /> <!-- Required to check whether Wi-Fi is enabled -->
26-->[:rn-fetch-blob] AndroidManifest.xml:12:5-73
26-->[:rn-fetch-blob] AndroidManifest.xml:12:22-70
27    <uses-permission android:name="android.permission.ACCESS_WIFI_STATE" />
27-->[:rn-fetch-blob] AndroidManifest.xml:30:5-76
27-->[:rn-fetch-blob] AndroidManifest.xml:30:22-73
28    <uses-permission android:name="com.google.android.finsky.permission.BIND_GET_INSTALL_REFERRER_SERVICE" />
28-->[com.android.installreferrer:installreferrer:1.0] AndroidManifest.xml:9:5-110
28-->[com.android.installreferrer:installreferrer:1.0] AndroidManifest.xml:9:22-107
29
30    <application
30-->src\main\AndroidManifest.xml:14:5-36:19
31        android:name="com.mymind.MainApplication"
31-->src\main\AndroidManifest.xml:15:7-38
32        android:allowBackup="false"
32-->src\main\AndroidManifest.xml:19:7-34
33        android:appComponentFactory="androidx.core.app.CoreComponentFactory"
33-->[androidx.core:core:1.1.0] AndroidManifest.xml:24:18-86
34        android:icon="@mipmap/ic_launcher"
34-->src\main\AndroidManifest.xml:17:7-41
35        android:label="@string/app_name"
35-->src\main\AndroidManifest.xml:16:7-39
36        android:roundIcon="@mipmap/ic_launcher_round"
36-->src\main\AndroidManifest.xml:18:7-52
37        android:supportsRtl="true"
37-->[com.facebook.android:facebook-android-sdk:8.2.0] AndroidManifest.xml:28:18-44
38        android:theme="@style/AppTheme" >
38-->src\main\AndroidManifest.xml:20:7-38
39        <meta-data
39-->src\main\AndroidManifest.xml:22:7-105
40            android:name="com.facebook.sdk.ApplicationId"
40-->src\main\AndroidManifest.xml:22:18-63
41            android:value="@string/facebook_app_id" />
41-->src\main\AndroidManifest.xml:22:64-103
42
43        <activity
43-->src\main\AndroidManifest.xml:24:7-34:18
44            android:name="com.mymind.MainActivity"
44-->src\main\AndroidManifest.xml:25:9-37
45            android:configChanges="keyboard|keyboardHidden|orientation|screenSize|uiMode"
45-->src\main\AndroidManifest.xml:27:9-86
46            android:label="@string/app_name"
46-->src\main\AndroidManifest.xml:26:9-41
47            android:launchMode="singleTask"
47-->src\main\AndroidManifest.xml:28:9-40
48            android:windowSoftInputMode="adjustResize" >
48-->src\main\AndroidManifest.xml:29:9-51
49            <intent-filter>
49-->src\main\AndroidManifest.xml:30:9-33:25
50                <action android:name="android.intent.action.MAIN" />
50-->src\main\AndroidManifest.xml:31:13-65
50-->src\main\AndroidManifest.xml:31:21-62
51
52                <category android:name="android.intent.category.LAUNCHER" />
52-->src\main\AndroidManifest.xml:32:13-73
52-->src\main\AndroidManifest.xml:32:23-70
53            </intent-filter>
54        </activity>
55        <activity android:name="com.facebook.react.devsupport.DevSettingsActivity" />
55-->src\main\AndroidManifest.xml:35:7-84
55-->src\main\AndroidManifest.xml:35:17-81
56
57        <provider
57-->[:react-native-share] AndroidManifest.xml:10:9-18:20
58            android:name="cl.json.RNShareFileProvider"
58-->[:react-native-share] AndroidManifest.xml:11:13-55
59            android:authorities="com.mymind.rnshare.fileprovider"
59-->[:react-native-share] AndroidManifest.xml:12:13-72
60            android:exported="false"
60-->[:react-native-share] AndroidManifest.xml:13:13-37
61            android:grantUriPermissions="true" >
61-->[:react-native-share] AndroidManifest.xml:14:13-47
62            <meta-data
62-->[:react-native-share] AndroidManifest.xml:15:13-17:64
63                android:name="android.support.FILE_PROVIDER_PATHS"
63-->[:react-native-share] AndroidManifest.xml:16:17-67
64                android:resource="@xml/share_download_paths" />
64-->[:react-native-share] AndroidManifest.xml:17:17-61
65        </provider>
66        <provider
66-->[:rn-fetch-blob] AndroidManifest.xml:36:9-44:20
67            android:name="com.RNFetchBlob.Utils.FileProvider"
67-->[:rn-fetch-blob] AndroidManifest.xml:37:13-62
68            android:authorities="com.mymind.provider"
68-->[:rn-fetch-blob] AndroidManifest.xml:38:13-60
69            android:exported="false"
69-->[:rn-fetch-blob] AndroidManifest.xml:39:13-37
70            android:grantUriPermissions="true" >
70-->[:rn-fetch-blob] AndroidManifest.xml:40:13-47
71            <meta-data
71-->[:react-native-share] AndroidManifest.xml:15:13-17:64
72                android:name="android.support.FILE_PROVIDER_PATHS"
72-->[:react-native-share] AndroidManifest.xml:16:17-67
73                android:resource="@xml/provider_paths" />
73-->[:react-native-share] AndroidManifest.xml:17:17-61
74        </provider>
75
76        <activity
76-->[com.facebook.android:facebook-common:8.2.0] AndroidManifest.xml:30:9-33:66
77            android:name="com.facebook.FacebookActivity"
77-->[com.facebook.android:facebook-common:8.2.0] AndroidManifest.xml:31:13-57
78            android:configChanges="keyboard|keyboardHidden|screenLayout|screenSize|orientation"
78-->[com.facebook.android:facebook-common:8.2.0] AndroidManifest.xml:32:13-96
79            android:theme="@style/com_facebook_activity_theme" />
79-->[com.facebook.android:facebook-common:8.2.0] AndroidManifest.xml:33:13-63
80        <activity android:name="com.facebook.CustomTabMainActivity" />
80-->[com.facebook.android:facebook-common:8.2.0] AndroidManifest.xml:34:9-71
80-->[com.facebook.android:facebook-common:8.2.0] AndroidManifest.xml:34:19-68
81        <activity
81-->[com.facebook.android:facebook-common:8.2.0] AndroidManifest.xml:35:9-49:20
82            android:name="com.facebook.CustomTabActivity"
82-->[com.facebook.android:facebook-common:8.2.0] AndroidManifest.xml:36:13-58
83            android:exported="true" >
83-->[com.facebook.android:facebook-common:8.2.0] AndroidManifest.xml:37:13-36
84            <intent-filter>
84-->[com.facebook.android:facebook-common:8.2.0] AndroidManifest.xml:39:13-48:29
85                <action android:name="android.intent.action.VIEW" />
85-->[com.facebook.android:facebook-common:8.2.0] AndroidManifest.xml:40:17-69
85-->[com.facebook.android:facebook-common:8.2.0] AndroidManifest.xml:40:25-66
86
87                <category android:name="android.intent.category.DEFAULT" />
87-->[com.facebook.android:facebook-common:8.2.0] AndroidManifest.xml:42:17-76
87-->[com.facebook.android:facebook-common:8.2.0] AndroidManifest.xml:42:27-73
88                <category android:name="android.intent.category.BROWSABLE" />
88-->[com.facebook.android:facebook-common:8.2.0] AndroidManifest.xml:43:17-78
88-->[com.facebook.android:facebook-common:8.2.0] AndroidManifest.xml:43:27-75
89
90                <data
90-->[com.facebook.android:facebook-common:8.2.0] AndroidManifest.xml:45:17-47:50
91                    android:host="cct.com.mymind"
91-->[com.facebook.android:facebook-common:8.2.0] AndroidManifest.xml:46:21-56
92                    android:scheme="fbconnect" />
92-->[com.facebook.android:facebook-common:8.2.0] AndroidManifest.xml:47:21-47
93            </intent-filter>
94        </activity>
95
96        <meta-data
96-->[com.google.android.gms:play-services-fitness:20.0.0] AndroidManifest.xml:23:9-25:38
97            android:name="com.google.gms.fitness.sdk.version"
97-->[com.google.android.gms:play-services-fitness:20.0.0] AndroidManifest.xml:24:13-62
98            android:value="20.0.0" />
98-->[com.google.android.gms:play-services-fitness:20.0.0] AndroidManifest.xml:25:13-35
99
100        <activity
100-->[com.google.android.gms:play-services-auth:19.0.0] AndroidManifest.xml:23:9-27:75
101            android:name="com.google.android.gms.auth.api.signin.internal.SignInHubActivity"
101-->[com.google.android.gms:play-services-auth:19.0.0] AndroidManifest.xml:24:13-93
102            android:excludeFromRecents="true"
102-->[com.google.android.gms:play-services-auth:19.0.0] AndroidManifest.xml:25:13-46
103            android:exported="false"
103-->[com.google.android.gms:play-services-auth:19.0.0] AndroidManifest.xml:26:13-37
104            android:theme="@android:style/Theme.Translucent.NoTitleBar" />
104-->[com.google.android.gms:play-services-auth:19.0.0] AndroidManifest.xml:27:13-72
105        <!--
106            Service handling Google Sign-In user revocation. For apps that do not integrate with
107            Google Sign-In, this service will never be started.
108        -->
109        <service
109-->[com.google.android.gms:play-services-auth:19.0.0] AndroidManifest.xml:33:9-37:51
110            android:name="com.google.android.gms.auth.api.signin.RevocationBoundService"
110-->[com.google.android.gms:play-services-auth:19.0.0] AndroidManifest.xml:34:13-89
111            android:exported="true"
111-->[com.google.android.gms:play-services-auth:19.0.0] AndroidManifest.xml:35:13-36
112            android:permission="com.google.android.gms.auth.api.signin.permission.REVOCATION_NOTIFICATION"
112-->[com.google.android.gms:play-services-auth:19.0.0] AndroidManifest.xml:36:13-107
113            android:visibleToInstantApps="true" />
113-->[com.google.android.gms:play-services-auth:19.0.0] AndroidManifest.xml:37:13-48
114        <service
114-->[com.google.firebase:firebase-firestore:22.1.0] AndroidManifest.xml:17:9-23:19
115            android:name="com.google.firebase.components.ComponentDiscoveryService"
115-->[com.google.firebase:firebase-firestore:22.1.0] AndroidManifest.xml:18:13-84
116            android:directBootAware="true"
116-->[com.google.firebase:firebase-common:19.5.0] AndroidManifest.xml:35:13-43
117            android:exported="false" >
117-->[com.google.firebase:firebase-firestore:22.1.0] AndroidManifest.xml:19:13-37
118            <meta-data
118-->[com.google.firebase:firebase-firestore:22.1.0] AndroidManifest.xml:20:13-22:85
119                android:name="com.google.firebase.components:com.google.firebase.firestore.FirestoreRegistrar"
119-->[com.google.firebase:firebase-firestore:22.1.0] AndroidManifest.xml:21:17-111
120                android:value="com.google.firebase.components.ComponentRegistrar" />
120-->[com.google.firebase:firebase-firestore:22.1.0] AndroidManifest.xml:22:17-82
121            <meta-data
121-->[com.google.firebase:firebase-auth:20.0.2] AndroidManifest.xml:77:13-79:85
122                android:name="com.google.firebase.components:com.google.firebase.auth.FirebaseAuthRegistrar"
122-->[com.google.firebase:firebase-auth:20.0.2] AndroidManifest.xml:78:17-109
123                android:value="com.google.firebase.components.ComponentRegistrar" />
123-->[com.google.firebase:firebase-auth:20.0.2] AndroidManifest.xml:79:17-82
124            <meta-data
124-->[com.google.firebase:firebase-storage:19.2.1] AndroidManifest.xml:33:13-35:85
125                android:name="com.google.firebase.components:com.google.firebase.storage.StorageRegistrar"
125-->[com.google.firebase:firebase-storage:19.2.1] AndroidManifest.xml:34:17-107
126                android:value="com.google.firebase.components.ComponentRegistrar" />
126-->[com.google.firebase:firebase-storage:19.2.1] AndroidManifest.xml:35:17-82
127            <!--
128                This registrar is not defined in the dynamic-module-support sdk itself to allow non-firebase
129                clients to use it as well, by defining this registrar in their own core/common library.
130            -->
131            <meta-data
131-->[com.google.firebase:firebase-common:19.5.0] AndroidManifest.xml:43:13-45:85
132                android:name="com.google.firebase.components:com.google.firebase.dynamicloading.DynamicLoadingRegistrar"
132-->[com.google.firebase:firebase-common:19.5.0] AndroidManifest.xml:44:17-121
133                android:value="com.google.firebase.components.ComponentRegistrar" />
133-->[com.google.firebase:firebase-common:19.5.0] AndroidManifest.xml:45:17-82
134        </service>
135
136        <activity
136-->[com.google.firebase:firebase-auth:20.0.2] AndroidManifest.xml:27:9-44:20
137            android:name="com.google.firebase.auth.internal.GenericIdpActivity"
137-->[com.google.firebase:firebase-auth:20.0.2] AndroidManifest.xml:28:13-80
138            android:excludeFromRecents="true"
138-->[com.google.firebase:firebase-auth:20.0.2] AndroidManifest.xml:29:13-46
139            android:exported="true"
139-->[com.google.firebase:firebase-auth:20.0.2] AndroidManifest.xml:30:13-36
140            android:launchMode="singleTask"
140-->[com.google.firebase:firebase-auth:20.0.2] AndroidManifest.xml:31:13-44
141            android:theme="@android:style/Theme.Translucent.NoTitleBar" >
141-->[com.google.firebase:firebase-auth:20.0.2] AndroidManifest.xml:32:13-72
142            <intent-filter>
142-->[com.google.firebase:firebase-auth:20.0.2] AndroidManifest.xml:33:13-43:29
143                <action android:name="android.intent.action.VIEW" />
143-->[com.facebook.android:facebook-common:8.2.0] AndroidManifest.xml:40:17-69
143-->[com.facebook.android:facebook-common:8.2.0] AndroidManifest.xml:40:25-66
144
145                <category android:name="android.intent.category.DEFAULT" />
145-->[com.facebook.android:facebook-common:8.2.0] AndroidManifest.xml:42:17-76
145-->[com.facebook.android:facebook-common:8.2.0] AndroidManifest.xml:42:27-73
146                <category android:name="android.intent.category.BROWSABLE" />
146-->[com.facebook.android:facebook-common:8.2.0] AndroidManifest.xml:43:17-78
146-->[com.facebook.android:facebook-common:8.2.0] AndroidManifest.xml:43:27-75
147
148                <data
148-->[com.facebook.android:facebook-common:8.2.0] AndroidManifest.xml:45:17-47:50
149                    android:host="firebase.auth"
149-->[com.facebook.android:facebook-common:8.2.0] AndroidManifest.xml:46:21-56
150                    android:path="/"
151                    android:scheme="genericidp" />
151-->[com.facebook.android:facebook-common:8.2.0] AndroidManifest.xml:47:21-47
152            </intent-filter>
153        </activity>
154        <activity
154-->[com.google.firebase:firebase-auth:20.0.2] AndroidManifest.xml:45:9-62:20
155            android:name="com.google.firebase.auth.internal.RecaptchaActivity"
155-->[com.google.firebase:firebase-auth:20.0.2] AndroidManifest.xml:46:13-79
156            android:excludeFromRecents="true"
156-->[com.google.firebase:firebase-auth:20.0.2] AndroidManifest.xml:47:13-46
157            android:exported="true"
157-->[com.google.firebase:firebase-auth:20.0.2] AndroidManifest.xml:48:13-36
158            android:launchMode="singleTask"
158-->[com.google.firebase:firebase-auth:20.0.2] AndroidManifest.xml:49:13-44
159            android:theme="@android:style/Theme.Translucent.NoTitleBar" >
159-->[com.google.firebase:firebase-auth:20.0.2] AndroidManifest.xml:50:13-72
160            <intent-filter>
160-->[com.google.firebase:firebase-auth:20.0.2] AndroidManifest.xml:51:13-61:29
161                <action android:name="android.intent.action.VIEW" />
161-->[com.facebook.android:facebook-common:8.2.0] AndroidManifest.xml:40:17-69
161-->[com.facebook.android:facebook-common:8.2.0] AndroidManifest.xml:40:25-66
162
163                <category android:name="android.intent.category.DEFAULT" />
163-->[com.facebook.android:facebook-common:8.2.0] AndroidManifest.xml:42:17-76
163-->[com.facebook.android:facebook-common:8.2.0] AndroidManifest.xml:42:27-73
164                <category android:name="android.intent.category.BROWSABLE" />
164-->[com.facebook.android:facebook-common:8.2.0] AndroidManifest.xml:43:17-78
164-->[com.facebook.android:facebook-common:8.2.0] AndroidManifest.xml:43:27-75
165
166                <data
166-->[com.facebook.android:facebook-common:8.2.0] AndroidManifest.xml:45:17-47:50
167                    android:host="firebase.auth"
167-->[com.facebook.android:facebook-common:8.2.0] AndroidManifest.xml:46:21-56
168                    android:path="/"
169                    android:scheme="recaptcha" />
169-->[com.facebook.android:facebook-common:8.2.0] AndroidManifest.xml:47:21-47
170            </intent-filter>
171        </activity>
172
173        <service
173-->[com.google.firebase:firebase-auth:20.0.2] AndroidManifest.xml:64:9-73:19
174            android:name="com.google.firebase.auth.api.fallback.service.FirebaseAuthFallbackService"
174-->[com.google.firebase:firebase-auth:20.0.2] AndroidManifest.xml:65:13-101
175            android:enabled="true"
175-->[com.google.firebase:firebase-auth:20.0.2] AndroidManifest.xml:66:13-35
176            android:exported="false" >
176-->[com.google.firebase:firebase-auth:20.0.2] AndroidManifest.xml:67:13-37
177            <intent-filter>
177-->[com.google.firebase:firebase-auth:20.0.2] AndroidManifest.xml:68:13-72:29
178                <action android:name="com.google.firebase.auth.api.gms.service.START" />
178-->[com.google.firebase:firebase-auth:20.0.2] AndroidManifest.xml:69:17-89
178-->[com.google.firebase:firebase-auth:20.0.2] AndroidManifest.xml:69:25-86
179
180                <category android:name="android.intent.category.DEFAULT" />
180-->[com.facebook.android:facebook-common:8.2.0] AndroidManifest.xml:42:17-76
180-->[com.facebook.android:facebook-common:8.2.0] AndroidManifest.xml:42:27-73
181            </intent-filter>
182        </service>
183
184        <activity
184-->[com.google.android.gms:play-services-base:17.1.0] AndroidManifest.xml:23:9-26:75
185            android:name="com.google.android.gms.common.api.GoogleApiActivity"
185-->[com.google.android.gms:play-services-base:17.1.0] AndroidManifest.xml:24:13-79
186            android:exported="false"
186-->[com.google.android.gms:play-services-base:17.1.0] AndroidManifest.xml:25:13-37
187            android:theme="@android:style/Theme.Translucent.NoTitleBar" />
187-->[com.google.android.gms:play-services-base:17.1.0] AndroidManifest.xml:26:13-72
188
189        <provider
189-->[com.google.firebase:firebase-common:19.5.0] AndroidManifest.xml:26:9-31:39
190            android:name="com.google.firebase.provider.FirebaseInitProvider"
190-->[com.google.firebase:firebase-common:19.5.0] AndroidManifest.xml:27:13-77
191            android:authorities="com.mymind.firebaseinitprovider"
191-->[com.google.firebase:firebase-common:19.5.0] AndroidManifest.xml:28:13-72
192            android:directBootAware="true"
192-->[com.google.firebase:firebase-common:19.5.0] AndroidManifest.xml:29:13-43
193            android:exported="false"
193-->[com.google.firebase:firebase-common:19.5.0] AndroidManifest.xml:30:13-37
194            android:initOrder="100" />
194-->[com.google.firebase:firebase-common:19.5.0] AndroidManifest.xml:31:13-36
195
196        <meta-data
196-->[com.google.android.gms:play-services-basement:17.1.1] AndroidManifest.xml:23:9-25:69
197            android:name="com.google.android.gms.version"
197-->[com.google.android.gms:play-services-basement:17.1.1] AndroidManifest.xml:24:13-58
198            android:value="@integer/google_play_services_version" />
198-->[com.google.android.gms:play-services-basement:17.1.1] AndroidManifest.xml:25:13-66
199        <!--
200         The initialization ContentProvider will call FacebookSdk.sdkInitialize automatically
201         with the application context. This config is merged in with the host app's manifest,
202         but there can only be one provider with the same authority activated at any given
203         point; so if the end user has two or more different apps that use Facebook SDK, only the
204         first one will be able to use the provider. To work around this problem, we use the
205         following placeholder in the authority to identify each host application as if it was
206         a completely different provider.
207        -->
208        <provider
208-->[com.facebook.android:facebook-core:8.2.0] AndroidManifest.xml:39:9-42:40
209            android:name="com.facebook.internal.FacebookInitProvider"
209-->[com.facebook.android:facebook-core:8.2.0] AndroidManifest.xml:40:13-70
210            android:authorities="com.mymind.FacebookInitProvider"
210-->[com.facebook.android:facebook-core:8.2.0] AndroidManifest.xml:41:13-72
211            android:exported="false" />
211-->[com.facebook.android:facebook-core:8.2.0] AndroidManifest.xml:42:13-37
212
213        <receiver
213-->[com.facebook.android:facebook-core:8.2.0] AndroidManifest.xml:44:9-50:20
214            android:name="com.facebook.CurrentAccessTokenExpirationBroadcastReceiver"
214-->[com.facebook.android:facebook-core:8.2.0] AndroidManifest.xml:45:13-86
215            android:exported="false" >
215-->[com.facebook.android:facebook-core:8.2.0] AndroidManifest.xml:46:13-37
216            <intent-filter>
216-->[com.facebook.android:facebook-core:8.2.0] AndroidManifest.xml:47:13-49:29
217                <action android:name="com.facebook.sdk.ACTION_CURRENT_ACCESS_TOKEN_CHANGED" />
217-->[com.facebook.android:facebook-core:8.2.0] AndroidManifest.xml:48:17-95
217-->[com.facebook.android:facebook-core:8.2.0] AndroidManifest.xml:48:25-92
218            </intent-filter>
219        </receiver>
220    </application>
221
222</manifest>